<?xml version="1.0" encoding="UTF-8"?>
<!-- Generated by org.testng.reporters.JUnitReportReporter -->
<testsuite hostname="Testvagrants-MacBook-Pro.local" failures="0" tests="3" name="GroupingMethod" time="0.007" errors="0" timestamp="2022-08-30T17:43:31 IST" skipped="0">
  <testcase classname="GroupingMethod" name="testSubtractMethod1" time="0.001"/>
  <system-out/>
  <testcase classname="GroupingMethod" name="testAddMethod1" time="0.005"/>
  <system-out/>
  <testcase classname="GroupingMethod" name="testMultiply1" time="0.001"/>
  <system-out/>
</testsuite> <!-- GroupingMethod -->
