<?xml version="1.0" encoding="UTF-8"?>
<!-- Generated by org.testng.reporters.JUnitReportReporter -->
<testsuite hostname="Testvagrants-MacBook-Pro.local" failures="0" tests="4" name="CalculatorTest" time="0.005" errors="0" timestamp="2022-08-30T17:44:31 IST" skipped="1">
  <testcase classname="CalculatorTest" name="testSubtractMethod" time="0.003"/>
  <system-out/>
  <testcase classname="CalculatorTest" name="testMultiply" time="0.002"/>
  <system-out/>
  <testcase classname="CalculatorTest" name="testAddMethod" time="0.000"/>
  <system-out/>
  <testcase classname="CalculatorTest" name="testIgnoreThis">
    <skipped/>
  </testcase> <!-- testIgnoreThis -->
  <system-out/>
</testsuite> <!-- CalculatorTest -->
