<?xml version="1.0" encoding="UTF-8"?>
<testsuite name="CalculatorTest" tests="3" skipped="0" failures="0" errors="0" timestamp="2022-08-30T12:14:31" hostname="Testvagrants-MacBook-Pro.local" time="0.007">
  <properties/>
  <testcase name="testMultiply[0](5, 2)" classname="CalculatorTest" time="0.002"/>
  <testcase name="testSubtractMethod[0](5, 2)" classname="CalculatorTest" time="0.001"/>
  <testcase name="testAddMethod[0](5, 2)" classname="CalculatorTest" time="0.0"/>
  <system-out><![CDATA[This is Before Method method
Printing After Method Execution.......
This is Before Method method
Printing After Method Execution.......
This is Before Method method
Printing After Method Execution.......
]]></system-out>
  <system-err><![CDATA[]]></system-err>
</testsuite>
