<?xml version="1.0" encoding="UTF-8"?>
<testsuite name="CalculatorTest" tests="10" skipped="0" failures="0" errors="0" timestamp="2022-08-29T13:07:53" hostname="Testvagrants-MacBook-Pro.local" time="0.025">
  <properties/>
  <testcase name="checkDataProvider[0](4, 1)" classname="CalculatorTest" time="0.001"/>
  <testcase name="checkDataProvider[1](5, 6)" classname="CalculatorTest" time="0.0"/>
  <testcase name="checkDataProvider[2](8, 9)" classname="CalculatorTest" time="0.0"/>
  <testcase name="testByTimeout" classname="CalculatorTest" time="0.001"/>
  <testcase name="testForException" classname="CalculatorTest" time="0.0"/>
  <testcase name="testMultiply[0](5, 2)" classname="CalculatorTest" time="0.0"/>
  <testcase name="testPercentage" classname="CalculatorTest" time="0.001"/>
  <testcase name="testSquare" classname="CalculatorTest" time="0.0"/>
  <testcase name="testSubtractMethod[0](5, 2)" classname="CalculatorTest" time="0.0"/>
  <testcase name="testAddMethod[0](5, 2)" classname="CalculatorTest" time="0.0"/>
  <system-out><![CDATA[This is before class method
This is Before Method method
Data is 4 and 1
Printing After Method Execution.......
This is Before Method method
Data is 5 and 6
Printing After Method Execution.......
This is Before Method method
Data is 8 and 9
Printing After Method Execution.......
TimeOut Expected method
TimeOut Expected method
TimeOut Expected method
TimeOut Expected method
TimeOut Expected method
Printing After Method Execution.......
This is Before Method method
Printing After Method Execution.......
This is Before Method method
Printing After Method Execution.......
Printing After Method Execution.......
Printing After Method Execution.......
Printing After Method Execution.......
Printing After Method Execution.......
]]></system-out>
  <system-err><![CDATA[]]></system-err>
</testsuite>
