<?xml version="1.0" encoding="UTF-8"?>
<!-- Generated by org.testng.reporters.JUnitReportReporter -->
<testsuite hostname="Testvagrants-MacBook-Pro.local" failures="0" tests="3" name="DataProviderMethod" time="0.001" errors="0" timestamp="2022-08-29T18:37:53 IST" skipped="0">
  <testcase classname="DataProviderMethod" name="testAddition" time="0.000"/>
  <system-out/>
  <testcase classname="DataProviderMethod" name="testAddition" time="0.001"/>
  <system-out/>
  <testcase classname="DataProviderMethod" name="testAddition" time="0.000"/>
  <system-out/>
</testsuite> <!-- DataProviderMethod -->
