<?xml version="1.0" encoding="UTF-8"?>
<!-- Generated by org.testng.reporters.JUnitReportReporter -->
<testsuite hostname="Testvagrants-MacBook-Pro.local" failures="0" tests="11" name="CalculatorTest" time="0.007" errors="0" timestamp="2022-08-29T18:37:53 IST" skipped="1">
  <testcase classname="CalculatorTest" name="checkDataProvider" time="0.000"/>
  <system-out/>
  <testcase classname="CalculatorTest" name="checkDataProvider" time="0.001"/>
  <system-out/>
  <testcase classname="CalculatorTest" name="testPercentage" time="0.002"/>
  <system-out/>
  <testcase classname="CalculatorTest" name="testSubtractMethod" time="0.000"/>
  <system-out/>
  <testcase classname="CalculatorTest" name="checkDataProvider" time="0.001"/>
  <system-out/>
  <testcase classname="CalculatorTest" name="testByTimeout" time="0.002"/>
  <system-out/>
  <testcase classname="CalculatorTest" name="testMultiply" time="0.000"/>
  <system-out/>
  <testcase classname="CalculatorTest" name="testSquare" time="0.000"/>
  <system-out/>
  <testcase classname="CalculatorTest" name="testForException" time="0.001"/>
  <system-out/>
  <testcase classname="CalculatorTest" name="testAddMethod" time="0.000"/>
  <system-out/>
  <testcase classname="CalculatorTest" name="testIgnoreThis">
    <skipped/>
  </testcase> <!-- testIgnoreThis -->
  <system-out/>
</testsuite> <!-- CalculatorTest -->
